<?xml version="1.0" encoding="UTF-8" ?>
<testsuite failures="0" time="1.624" errors="0" skipped="0" tests="226" name="TestSuite">
  <properties>
    <property name="java.runtime.name" value="Java(TM) SE Runtime Environment"/>
    <property name="sun.boot.library.path" value="/Library/Java/JavaVirtualMachines/1.6.0_65-b14-462.jdk/Contents/Libraries"/>
    <property name="java.vm.version" value="20.65-b04-462"/>
    <property name="awt.nativeDoubleBuffering" value="true"/>
    <property name="gopherProxySet" value="false"/>
    <property name="mrj.build" value="11M4609"/>
    <property name="java.vm.vendor" value="Apple Inc."/>
    <property name="java.vendor.url" value="http://www.apple.com/"/>
    <property name="path.separator" value=":"/>
    <property name="guice.disable.misplaced.annotation.check" value="true"/>
    <property name="java.vm.name" value="Java HotSpot(TM) 64-Bit Server VM"/>
    <property name="file.encoding.pkg" value="sun.io"/>
    <property name="idea.launcher.port" value="7543"/>
    <property name="user.country" value="US"/>
    <property name="sun.java.launcher" value="SUN_STANDARD"/>
    <property name="sun.os.patch.level" value="unknown"/>
    <property name="java.vm.specification.name" value="Java Virtual Machine Specification"/>
    <property name="user.dir" value="/Users/Luonanqin/study/intellij_idea_workspaces/study/storm-starter"/>
    <property name="java.runtime.version" value="1.6.0_65-b14-462-11M4609"/>
    <property name="java.awt.graphicsenv" value="apple.awt.CGraphicsEnvironment"/>
    <property name="java.endorsed.dirs" value="/Library/Java/JavaVirtualMachines/1.6.0_65-b14-462.jdk/Contents/Home/lib/endorsed"/>
    <property name="os.arch" value="x86_64"/>
    <property name="java.io.tmpdir" value="/var/folders/qj/x0hk9plj4hv385q__dt05p7w0000gn/T/"/>
    <property name="line.separator" value="
"/>
    <property name="java.vm.specification.vendor" value="Sun Microsystems Inc."/>
    <property name="os.name" value="Mac OS X"/>
    <property name="classworlds.conf" value="/usr/share/java/maven-3.0.4/bin/m2.conf"/>
    <property name="sun.jnu.encoding" value="MacRoman"/>
    <property name="java.library.path" value=".:/Library/Java/Extensions:/System/Library/Java/Extensions:/usr/lib/java"/>
    <property name="java.specification.name" value="Java Platform API Specification"/>
    <property name="java.class.version" value="50.0"/>
    <property name="sun.management.compiler" value="HotSpot 64-Bit Tiered Compilers"/>
    <property name="os.version" value="10.9.2"/>
    <property name="http.nonProxyHosts" value="local|*.local|169.254/16|*.169.254/16"/>
    <property name="user.home" value="/Users/Luonanqin"/>
    <property name="user.timezone" value="Asia/Shanghai"/>
    <property name="java.awt.printerjob" value="apple.awt.CPrinterJob"/>
    <property name="java.specification.version" value="1.6"/>
    <property name="file.encoding" value="UTF-8"/>
    <property name="idea.launcher.bin.path" value="/Applications/IntelliJ IDEA 13.app/bin"/>
    <property name="user.name" value="Luonanqin"/>
    <property name="java.class.path" value="/usr/share/java/maven-3.0.4/boot/plexus-classworlds-2.4.jar:/Applications/IntelliJ IDEA 13.app/lib/idea_rt.jar"/>
    <property name="java.vm.specification.version" value="1.0"/>
    <property name="sun.arch.data.model" value="64"/>
    <property name="java.home" value="/Library/Java/JavaVirtualMachines/1.6.0_65-b14-462.jdk/Contents/Home"/>
    <property name="sun.java.command" value="com.intellij.rt.execution.application.AppMain org.codehaus.classworlds.Launcher clean package"/>
    <property name="java.specification.vendor" value="Sun Microsystems Inc."/>
    <property name="user.language" value="en"/>
    <property name="awt.toolkit" value="apple.awt.CToolkit"/>
    <property name="java.vm.info" value="mixed mode"/>
    <property name="java.version" value="1.6.0_65"/>
    <property name="java.ext.dirs" value="/Library/Java/Extensions:/System/Library/Java/Extensions:/Library/Java/JavaVirtualMachines/1.6.0_65-b14-462.jdk/Contents/Home/lib/ext"/>
    <property name="sun.boot.class.path" value="/Library/Java/JavaVirtualMachines/1.6.0_65-b14-462.jdk/Contents/Classes/jsfd.jar:/Library/Java/JavaVirtualMachines/1.6.0_65-b14-462.jdk/Contents/Classes/classes.jar:/System/Library/Frameworks/JavaVM.framework/Frameworks/JavaRuntimeSupport.framework/Resources/Java/JavaRuntimeSupport.jar:/Library/Java/JavaVirtualMachines/1.6.0_65-b14-462.jdk/Contents/Classes/ui.jar:/Library/Java/JavaVirtualMachines/1.6.0_65-b14-462.jdk/Contents/Classes/laf.jar:/Library/Java/JavaVirtualMachines/1.6.0_65-b14-462.jdk/Contents/Classes/sunrsasign.jar:/Library/Java/JavaVirtualMachines/1.6.0_65-b14-462.jdk/Contents/Classes/jsse.jar:/Library/Java/JavaVirtualMachines/1.6.0_65-b14-462.jdk/Contents/Classes/jce.jar:/Library/Java/JavaVirtualMachines/1.6.0_65-b14-462.jdk/Contents/Classes/charsets.jar"/>
    <property name="java.vendor" value="Apple Inc."/>
    <property name="maven.home" value="/usr/share/java/maven-3.0.4"/>
    <property name="file.separator" value="/"/>
    <property name="java.vendor.url.bug" value="http://bugreport.apple.com/"/>
    <property name="sun.cpu.endian" value="little"/>
    <property name="sun.io.unicode.encoding" value="UnicodeLittle"/>
    <property name="mrj.version" value="1070.1.6.0_65-462"/>
    <property name="socksNonProxyHosts" value="local|*.local|169.254/16|*.169.254/16"/>
    <property name="ftp.nonProxyHosts" value="local|*.local|169.254/16|*.169.254/16"/>
    <property name="sun.cpu.isalist" value=""/>
  </properties>
  <testcase time="0.191" classname="storm.starter.bolt.IntermediateRankingsBoltTest" name="negativeOrZeroEmitFrequencyShouldThrowIAE"/>
  <testcase time="0" classname="storm.starter.bolt.IntermediateRankingsBoltTest" name="negativeOrZeroEmitFrequencyShouldThrowIAE"/>
  <testcase time="0" classname="storm.starter.bolt.IntermediateRankingsBoltTest" name="negativeOrZeroEmitFrequencyShouldThrowIAE"/>
  <testcase time="0" classname="storm.starter.bolt.IntermediateRankingsBoltTest" name="negativeOrZeroEmitFrequencyShouldThrowIAE"/>
  <testcase time="0" classname="storm.starter.bolt.IntermediateRankingsBoltTest" name="negativeOrZeroEmitFrequencyShouldThrowIAE"/>
  <testcase time="0.001" classname="storm.starter.bolt.IntermediateRankingsBoltTest" name="negativeOrZeroTopNShouldThrowIAE"/>
  <testcase time="0" classname="storm.starter.bolt.IntermediateRankingsBoltTest" name="negativeOrZeroTopNShouldThrowIAE"/>
  <testcase time="0" classname="storm.starter.bolt.IntermediateRankingsBoltTest" name="negativeOrZeroTopNShouldThrowIAE"/>
  <testcase time="0.001" classname="storm.starter.bolt.IntermediateRankingsBoltTest" name="negativeOrZeroTopNShouldThrowIAE"/>
  <testcase time="0" classname="storm.starter.bolt.IntermediateRankingsBoltTest" name="negativeOrZeroTopNShouldThrowIAE"/>
  <testcase time="0.003" classname="storm.starter.bolt.IntermediateRankingsBoltTest" name="positiveEmitFrequencyShouldBeOk"/>
  <testcase time="0" classname="storm.starter.bolt.IntermediateRankingsBoltTest" name="positiveEmitFrequencyShouldBeOk"/>
  <testcase time="0.001" classname="storm.starter.bolt.IntermediateRankingsBoltTest" name="positiveEmitFrequencyShouldBeOk"/>
  <testcase time="0" classname="storm.starter.bolt.IntermediateRankingsBoltTest" name="positiveEmitFrequencyShouldBeOk"/>
  <testcase time="0" classname="storm.starter.bolt.IntermediateRankingsBoltTest" name="positiveTopNShouldBeOk"/>
  <testcase time="0" classname="storm.starter.bolt.IntermediateRankingsBoltTest" name="positiveTopNShouldBeOk"/>
  <testcase time="0" classname="storm.starter.bolt.IntermediateRankingsBoltTest" name="positiveTopNShouldBeOk"/>
  <testcase time="0" classname="storm.starter.bolt.IntermediateRankingsBoltTest" name="positiveTopNShouldBeOk"/>
  <testcase time="0.13" classname="storm.starter.bolt.IntermediateRankingsBoltTest" name="shouldDeclareOutputFields"/>
  <testcase time="0.034" classname="storm.starter.bolt.IntermediateRankingsBoltTest" name="shouldEmitNothingIfNormalTupleIsReceived"/>
  <testcase time="0.006" classname="storm.starter.bolt.IntermediateRankingsBoltTest" name="shouldEmitSomethingIfTickTupleIsReceived"/>
  <testcase time="0.012" classname="storm.starter.bolt.IntermediateRankingsBoltTest" name="shouldSetTickTupleFrequencyInComponentConfigurationToNonZeroValue"/>
  <testcase time="0.001" classname="storm.starter.tools.NthLastModifiedTimeTrackerTest" name="negativeOrZeroNumTimesToTrackShouldThrowIAE"/>
  <testcase time="0" classname="storm.starter.tools.NthLastModifiedTimeTrackerTest" name="negativeOrZeroNumTimesToTrackShouldThrowIAE"/>
  <testcase time="0" classname="storm.starter.tools.NthLastModifiedTimeTrackerTest" name="negativeOrZeroNumTimesToTrackShouldThrowIAE"/>
  <testcase time="0" classname="storm.starter.tools.NthLastModifiedTimeTrackerTest" name="negativeOrZeroNumTimesToTrackShouldThrowIAE"/>
  <testcase time="0.001" classname="storm.starter.tools.NthLastModifiedTimeTrackerTest" name="negativeOrZeroNumTimesToTrackShouldThrowIAE"/>
  <testcase time="0.005" classname="storm.starter.tools.NthLastModifiedTimeTrackerTest" name="positiveNumTimesToTrackShouldBeOk"/>
  <testcase time="0.001" classname="storm.starter.tools.NthLastModifiedTimeTrackerTest" name="positiveNumTimesToTrackShouldBeOk"/>
  <testcase time="0" classname="storm.starter.tools.NthLastModifiedTimeTrackerTest" name="positiveNumTimesToTrackShouldBeOk"/>
  <testcase time="0" classname="storm.starter.tools.NthLastModifiedTimeTrackerTest" name="positiveNumTimesToTrackShouldBeOk"/>
  <testcase time="0.001" classname="storm.starter.tools.NthLastModifiedTimeTrackerTest" name="shouldReturnCorrectModifiedTimeEvenWhenNotYetMarkedAsModified"/>
  <testcase time="0" classname="storm.starter.tools.NthLastModifiedTimeTrackerTest" name="shouldReturnCorrectModifiedTimeEvenWhenNotYetMarkedAsModified"/>
  <testcase time="0" classname="storm.starter.tools.NthLastModifiedTimeTrackerTest" name="shouldReturnCorrectModifiedTimeEvenWhenNotYetMarkedAsModified"/>
  <testcase time="0" classname="storm.starter.tools.NthLastModifiedTimeTrackerTest" name="shouldReturnCorrectModifiedTimeEvenWhenNotYetMarkedAsModified"/>
  <testcase time="0" classname="storm.starter.tools.NthLastModifiedTimeTrackerTest" name="shouldReturnCorrectModifiedTimeEvenWhenNotYetMarkedAsModified"/>
  <testcase time="0.001" classname="storm.starter.tools.NthLastModifiedTimeTrackerTest" name="shouldReturnCorrectModifiedTimeEvenWhenNotYetMarkedAsModified"/>
  <testcase time="0" classname="storm.starter.tools.NthLastModifiedTimeTrackerTest" name="shouldReturnCorrectModifiedTimeEvenWhenNotYetMarkedAsModified"/>
  <testcase time="0" classname="storm.starter.tools.NthLastModifiedTimeTrackerTest" name="shouldReturnCorrectModifiedTimeEvenWhenNotYetMarkedAsModified"/>
  <testcase time="0.004" classname="storm.starter.tools.NthLastModifiedTimeTrackerTest" name="shouldReturnCorrectModifiedTimeWhenMarkedAsModified"/>
  <testcase time="0" classname="storm.starter.tools.NthLastModifiedTimeTrackerTest" name="shouldReturnCorrectModifiedTimeWhenMarkedAsModified"/>
  <testcase time="0" classname="storm.starter.tools.NthLastModifiedTimeTrackerTest" name="shouldReturnCorrectModifiedTimeWhenMarkedAsModified"/>
  <testcase time="0" classname="storm.starter.tools.NthLastModifiedTimeTrackerTest" name="shouldReturnCorrectModifiedTimeWhenMarkedAsModified"/>
  <testcase time="0" classname="storm.starter.tools.NthLastModifiedTimeTrackerTest" name="shouldReturnCorrectModifiedTimeWhenMarkedAsModified"/>
  <testcase time="0" classname="storm.starter.tools.NthLastModifiedTimeTrackerTest" name="shouldReturnCorrectModifiedTimeWhenMarkedAsModified"/>
  <testcase time="0" classname="storm.starter.tools.NthLastModifiedTimeTrackerTest" name="shouldReturnCorrectModifiedTimeWhenMarkedAsModified"/>
  <testcase time="0" classname="storm.starter.tools.NthLastModifiedTimeTrackerTest" name="shouldReturnCorrectModifiedTimeWhenMarkedAsModified"/>
  <testcase time="0" classname="storm.starter.tools.NthLastModifiedTimeTrackerTest" name="shouldReturnCorrectModifiedTimeWhenMarkedAsModified"/>
  <testcase time="0" classname="storm.starter.tools.NthLastModifiedTimeTrackerTest" name="shouldReturnCorrectModifiedTimeWhenMarkedAsModified"/>
  <testcase time="0" classname="storm.starter.tools.NthLastModifiedTimeTrackerTest" name="shouldReturnCorrectModifiedTimeWhenMarkedAsModified"/>
  <testcase time="0" classname="storm.starter.tools.NthLastModifiedTimeTrackerTest" name="shouldReturnCorrectModifiedTimeWhenMarkedAsModified"/>
  <testcase time="0" classname="storm.starter.tools.NthLastModifiedTimeTrackerTest" name="shouldReturnCorrectModifiedTimeWhenMarkedAsModified"/>
  <testcase time="0.001" classname="storm.starter.tools.NthLastModifiedTimeTrackerTest" name="shouldReturnCorrectModifiedTimeWhenMarkedAsModified"/>
  <testcase time="0" classname="storm.starter.tools.NthLastModifiedTimeTrackerTest" name="shouldReturnCorrectModifiedTimeWhenMarkedAsModified"/>
  <testcase time="0.002" classname="storm.starter.tools.NthLastModifiedTimeTrackerTest" name="shouldReturnCorrectModifiedTimeWhenMarkedAsModified"/>
  <testcase time="0" classname="storm.starter.tools.NthLastModifiedTimeTrackerTest" name="shouldReturnCorrectModifiedTimeWhenMarkedAsModified"/>
  <testcase time="0" classname="storm.starter.tools.NthLastModifiedTimeTrackerTest" name="shouldReturnCorrectModifiedTimeWhenMarkedAsModified"/>
  <testcase time="0" classname="storm.starter.tools.NthLastModifiedTimeTrackerTest" name="shouldReturnCorrectModifiedTimeWhenMarkedAsModified"/>
  <testcase time="0.001" classname="storm.starter.tools.NthLastModifiedTimeTrackerTest" name="shouldReturnCorrectModifiedTimeWhenMarkedAsModified"/>
  <testcase time="0" classname="storm.starter.tools.NthLastModifiedTimeTrackerTest" name="shouldReturnCorrectModifiedTimeWhenMarkedAsModified"/>
  <testcase time="0" classname="storm.starter.tools.NthLastModifiedTimeTrackerTest" name="shouldReturnCorrectModifiedTimeWhenMarkedAsModified"/>
  <testcase time="0" classname="storm.starter.tools.RankableObjectWithFieldsTest" name="constructorWithNegativeCountAndFieldsShouldThrowIAE"/>
  <testcase time="0" classname="storm.starter.tools.RankableObjectWithFieldsTest" name="constructorWithNegativeCountAndNoFieldsShouldThrowIAE"/>
  <testcase time="0.001" classname="storm.starter.tools.RankableObjectWithFieldsTest" name="constructorWithNullObjectAndFieldsShouldThrowIAE"/>
  <testcase time="0" classname="storm.starter.tools.RankableObjectWithFieldsTest" name="constructorWithNullObjectAndNoFieldsShouldThrowIAE"/>
  <testcase time="0.001" classname="storm.starter.tools.RankableObjectWithFieldsTest" name="copyShouldReturnCopy"/>
  <testcase time="0.001" classname="storm.starter.tools.RankableObjectWithFieldsTest" name="copyShouldReturnCopy"/>
  <testcase time="0" classname="storm.starter.tools.RankableObjectWithFieldsTest" name="copyShouldReturnCopy"/>
  <testcase time="0" classname="storm.starter.tools.RankableObjectWithFieldsTest" name="fieldsShouldBeImmutable"/>
  <testcase time="0" classname="storm.starter.tools.RankableObjectWithFieldsTest" name="shouldBeEqualToItself"/>
  <testcase time="0.002" classname="storm.starter.tools.RankableObjectWithFieldsTest" name="shouldBeEqualToTrueDuplicates"/>
  <testcase time="0" classname="storm.starter.tools.RankableObjectWithFieldsTest" name="shouldBeEqualToTrueDuplicates"/>
  <testcase time="0" classname="storm.starter.tools.RankableObjectWithFieldsTest" name="shouldBeEqualToTrueDuplicates"/>
  <testcase time="0.004" classname="storm.starter.tools.RankableObjectWithFieldsTest" name="shouldCreateRankableObjectFromTuple"/>
  <testcase time="0" classname="storm.starter.tools.RankableObjectWithFieldsTest" name="shouldHaveDifferentHashCodeThanFalseDuplicates"/>
  <testcase time="0" classname="storm.starter.tools.RankableObjectWithFieldsTest" name="shouldHaveDifferentHashCodeThanFalseDuplicates"/>
  <testcase time="0" classname="storm.starter.tools.RankableObjectWithFieldsTest" name="shouldHaveDifferentHashCodeThanFalseDuplicates"/>
  <testcase time="0" classname="storm.starter.tools.RankableObjectWithFieldsTest" name="shouldHaveDifferentHashCodeThanFalseDuplicates"/>
  <testcase time="0" classname="storm.starter.tools.RankableObjectWithFieldsTest" name="shouldHaveDifferentHashCodeThanFalseDuplicates"/>
  <testcase time="0" classname="storm.starter.tools.RankableObjectWithFieldsTest" name="shouldHaveDifferentHashCodeThanFalseDuplicates"/>
  <testcase time="0" classname="storm.starter.tools.RankableObjectWithFieldsTest" name="shouldHaveSameHashCodeAsTrueDuplicates"/>
  <testcase time="0" classname="storm.starter.tools.RankableObjectWithFieldsTest" name="shouldHaveSameHashCodeAsTrueDuplicates"/>
  <testcase time="0" classname="storm.starter.tools.RankableObjectWithFieldsTest" name="shouldHaveSameHashCodeAsTrueDuplicates"/>
  <testcase time="0" classname="storm.starter.tools.RankableObjectWithFieldsTest" name="shouldNotBeEqualToFalseDuplicates"/>
  <testcase time="0" classname="storm.starter.tools.RankableObjectWithFieldsTest" name="shouldNotBeEqualToFalseDuplicates"/>
  <testcase time="0" classname="storm.starter.tools.RankableObjectWithFieldsTest" name="shouldNotBeEqualToFalseDuplicates"/>
  <testcase time="0" classname="storm.starter.tools.RankableObjectWithFieldsTest" name="shouldNotBeEqualToFalseDuplicates"/>
  <testcase time="0" classname="storm.starter.tools.RankableObjectWithFieldsTest" name="shouldNotBeEqualToFalseDuplicates"/>
  <testcase time="0" classname="storm.starter.tools.RankableObjectWithFieldsTest" name="shouldNotBeEqualToFalseDuplicates"/>
  <testcase time="0" classname="storm.starter.tools.RankableObjectWithFieldsTest" name="shouldNotBeEqualToInstancesOfOtherClasses"/>
  <testcase time="0" classname="storm.starter.tools.RankableObjectWithFieldsTest" name="shouldNotBeEqualToInstancesOfOtherClasses"/>
  <testcase time="0.001" classname="storm.starter.tools.RankableObjectWithFieldsTest" name="shouldNotBeEqualToInstancesOfOtherClasses"/>
  <testcase time="0" classname="storm.starter.tools.RankableObjectWithFieldsTest" name="shouldNotBeEqualToInstancesOfOtherClasses"/>
  <testcase time="0" classname="storm.starter.tools.RankableObjectWithFieldsTest" name="shouldReturnTheCount"/>
  <testcase time="0" classname="storm.starter.tools.RankableObjectWithFieldsTest" name="shouldReturnTheFields"/>
  <testcase time="0.001" classname="storm.starter.tools.RankableObjectWithFieldsTest" name="shouldReturnTheFields"/>
  <testcase time="0" classname="storm.starter.tools.RankableObjectWithFieldsTest" name="shouldReturnTheObject"/>
  <testcase time="0.002" classname="storm.starter.tools.RankableObjectWithFieldsTest" name="toStringShouldContainStringRepresentationsOfObjectAndCount"/>
  <testcase time="0" classname="storm.starter.tools.RankableObjectWithFieldsTest" name="toStringShouldContainStringRepresentationsOfObjectAndCount"/>
  <testcase time="0" classname="storm.starter.tools.RankableObjectWithFieldsTest" name="verifyCompareTo"/>
  <testcase time="0" classname="storm.starter.tools.RankableObjectWithFieldsTest" name="verifyCompareTo"/>
  <testcase time="0" classname="storm.starter.tools.RankableObjectWithFieldsTest" name="verifyCompareTo"/>
  <testcase time="0.001" classname="storm.starter.tools.RankableObjectWithFieldsTest" name="verifyCompareTo"/>
  <testcase time="0" classname="storm.starter.tools.RankableObjectWithFieldsTest" name="verifyCompareTo"/>
  <testcase time="0" classname="storm.starter.tools.RankableObjectWithFieldsTest" name="verifyCompareTo"/>
  <testcase time="0" classname="storm.starter.tools.RankableObjectWithFieldsTest" name="verifyCompareTo"/>
  <testcase time="0.001" classname="storm.starter.tools.RankableObjectWithFieldsTest" name="verifyCompareTo"/>
  <testcase time="0" classname="storm.starter.tools.RankableObjectWithFieldsTest" name="verifyCompareTo"/>
  <testcase time="0" classname="storm.starter.tools.RankableObjectWithFieldsTest" name="verifyCompareTo"/>
  <testcase time="0" classname="storm.starter.tools.RankingsTest" name="constructorWithNegativeOrZeroTopNShouldThrowIAE"/>
  <testcase time="0" classname="storm.starter.tools.RankingsTest" name="constructorWithNegativeOrZeroTopNShouldThrowIAE"/>
  <testcase time="0" classname="storm.starter.tools.RankingsTest" name="constructorWithNegativeOrZeroTopNShouldThrowIAE"/>
  <testcase time="0" classname="storm.starter.tools.RankingsTest" name="constructorWithNegativeOrZeroTopNShouldThrowIAE"/>
  <testcase time="0" classname="storm.starter.tools.RankingsTest" name="constructorWithPositiveTopNShouldBeOk"/>
  <testcase time="0.001" classname="storm.starter.tools.RankingsTest" name="constructorWithPositiveTopNShouldBeOk"/>
  <testcase time="0" classname="storm.starter.tools.RankingsTest" name="constructorWithPositiveTopNShouldBeOk"/>
  <testcase time="0" classname="storm.starter.tools.RankingsTest" name="constructorWithPositiveTopNShouldBeOk"/>
  <testcase time="0.001" classname="storm.starter.tools.RankingsTest" name="copyConstructorShouldReturnCopy"/>
  <testcase time="0" classname="storm.starter.tools.RankingsTest" name="copyConstructorShouldReturnCopy"/>
  <testcase time="0" classname="storm.starter.tools.RankingsTest" name="copyConstructorShouldReturnCopy"/>
  <testcase time="0" classname="storm.starter.tools.RankingsTest" name="copyConstructorShouldReturnCopy"/>
  <testcase time="0" classname="storm.starter.tools.RankingsTest" name="copyConstructorShouldReturnCopy"/>
  <testcase time="0.001" classname="storm.starter.tools.RankingsTest" name="copyConstructorShouldReturnDefensiveCopy"/>
  <testcase time="0" classname="storm.starter.tools.RankingsTest" name="copyConstructorShouldReturnDefensiveCopy"/>
  <testcase time="0" classname="storm.starter.tools.RankingsTest" name="copyConstructorShouldReturnDefensiveCopy"/>
  <testcase time="0.001" classname="storm.starter.tools.RankingsTest" name="copyConstructorShouldReturnDefensiveCopy"/>
  <testcase time="0" classname="storm.starter.tools.RankingsTest" name="copyConstructorShouldReturnDefensiveCopy"/>
  <testcase time="0" classname="storm.starter.tools.RankingsTest" name="copyConstructorShouldReturnDefensiveCopy"/>
  <testcase time="0" classname="storm.starter.tools.RankingsTest" name="copyShouldReturnCopy"/>
  <testcase time="0" classname="storm.starter.tools.RankingsTest" name="copyShouldReturnCopy"/>
  <testcase time="0" classname="storm.starter.tools.RankingsTest" name="copyShouldReturnCopy"/>
  <testcase time="0" classname="storm.starter.tools.RankingsTest" name="copyShouldReturnCopy"/>
  <testcase time="0" classname="storm.starter.tools.RankingsTest" name="copyShouldReturnCopy"/>
  <testcase time="0" classname="storm.starter.tools.RankingsTest" name="copyShouldReturnDefensiveCopy"/>
  <testcase time="0.001" classname="storm.starter.tools.RankingsTest" name="copyShouldReturnDefensiveCopy"/>
  <testcase time="0" classname="storm.starter.tools.RankingsTest" name="copyShouldReturnDefensiveCopy"/>
  <testcase time="0" classname="storm.starter.tools.RankingsTest" name="copyShouldReturnDefensiveCopy"/>
  <testcase time="0" classname="storm.starter.tools.RankingsTest" name="copyShouldReturnDefensiveCopy"/>
  <testcase time="0" classname="storm.starter.tools.RankingsTest" name="copyShouldReturnDefensiveCopy"/>
  <testcase time="0" classname="storm.starter.tools.RankingsTest" name="defaultConstructorShouldSetPositiveTopN"/>
  <testcase time="0.001" classname="storm.starter.tools.RankingsTest" name="shouldCorrectlyRankWhenEmptyAndUpdatedWithOtherRankings"/>
  <testcase time="0" classname="storm.starter.tools.RankingsTest" name="shouldCorrectlyRankWhenEmptyAndUpdatedWithOtherRankings"/>
  <testcase time="0" classname="storm.starter.tools.RankingsTest" name="shouldCorrectlyRankWhenEmptyAndUpdatedWithOtherRankings"/>
  <testcase time="0.001" classname="storm.starter.tools.RankingsTest" name="shouldCorrectlyRankWhenEmptyAndUpdatedWithOtherRankings"/>
  <testcase time="0" classname="storm.starter.tools.RankingsTest" name="shouldCorrectlyRankWhenNotEmptyAndUpdatedWithOtherRankings"/>
  <testcase time="0" classname="storm.starter.tools.RankingsTest" name="shouldCorrectlyRankWhenNotEmptyAndUpdatedWithOtherRankings"/>
  <testcase time="0" classname="storm.starter.tools.RankingsTest" name="shouldCorrectlyRankWhenNotEmptyAndUpdatedWithOtherRankings"/>
  <testcase time="0" classname="storm.starter.tools.RankingsTest" name="shouldCorrectlyRankWhenNotEmptyAndUpdatedWithOtherRankings"/>
  <testcase time="0" classname="storm.starter.tools.RankingsTest" name="shouldCorrectlyRankWhenUpdatedWithEmptyOtherRankings"/>
  <testcase time="0" classname="storm.starter.tools.RankingsTest" name="shouldCorrectlyRankWhenUpdatedWithEmptyOtherRankings"/>
  <testcase time="0" classname="storm.starter.tools.RankingsTest" name="shouldCorrectlyRankWhenUpdatedWithEmptyOtherRankings"/>
  <testcase time="0.001" classname="storm.starter.tools.RankingsTest" name="shouldCorrectlyRankWhenUpdatedWithEmptyOtherRankings"/>
  <testcase time="0" classname="storm.starter.tools.RankingsTest" name="shouldCorrectlyRankWhenUpdatedWithRankables"/>
  <testcase time="0.001" classname="storm.starter.tools.RankingsTest" name="shouldCorrectlyRankWhenUpdatedWithRankables"/>
  <testcase time="0" classname="storm.starter.tools.RankingsTest" name="shouldCorrectlyRankWhenUpdatedWithRankables"/>
  <testcase time="0" classname="storm.starter.tools.RankingsTest" name="shouldCorrectlyRankWhenUpdatedWithRankables"/>
  <testcase time="0.001" classname="storm.starter.tools.RankingsTest" name="shouldHaveDefaultConstructor"/>
  <testcase time="0" classname="storm.starter.tools.RankingsTest" name="shouldNotRankDuplicateObjectsMoreThanOnce"/>
  <testcase time="0" classname="storm.starter.tools.RankingsTest" name="shouldNotRankDuplicateObjectsMoreThanOnce"/>
  <testcase time="0" classname="storm.starter.tools.RankingsTest" name="shouldRemoveZeroCounts"/>
  <testcase time="0" classname="storm.starter.tools.RankingsTest" name="shouldRemoveZeroCounts"/>
  <testcase time="0" classname="storm.starter.tools.RankingsTest" name="shouldRemoveZeroCounts"/>
  <testcase time="0" classname="storm.starter.tools.RankingsTest" name="shouldRemoveZeroCounts"/>
  <testcase time="0" classname="storm.starter.tools.RankingsTest" name="shouldRemoveZeroCounts"/>
  <testcase time="0" classname="storm.starter.tools.RankingsTest" name="shouldRemoveZeroCounts"/>
  <testcase time="0" classname="storm.starter.tools.RankingsTest" name="shouldRemoveZeroCounts"/>
  <testcase time="0.002" classname="storm.starter.tools.RankingsTest" name="sizeOfRankingsShouldNotGrowBeyondTopN"/>
  <testcase time="0" classname="storm.starter.tools.RankingsTest" name="sizeOfRankingsShouldNotGrowBeyondTopN"/>
  <testcase time="0.041" classname="storm.starter.tools.RankingsTest" name="updatingWithNewRankablesShouldBeThreadSafe"/>
  <testcase time="0.003" classname="storm.starter.bolt.RollingCountBoltTest" name="shouldDeclareOutputFields"/>
  <testcase time="0.057" classname="storm.starter.bolt.RollingCountBoltTest" name="shouldEmitNothingIfNoObjectHasBeenCountedYetAndTickTupleIsReceived"/>
  <testcase time="0.005" classname="storm.starter.bolt.RollingCountBoltTest" name="shouldEmitSomethingIfAtLeastOneObjectWasCountedAndTickTupleIsReceived"/>
  <testcase time="0" classname="storm.starter.bolt.RollingCountBoltTest" name="shouldSetTickTupleFrequencyInComponentConfigurationToNonZeroValue"/>
  <testcase time="0" classname="storm.starter.tools.SlidingWindowCounterTest" name="lessThanTwoSlotsShouldThrowIAE"/>
  <testcase time="0" classname="storm.starter.tools.SlidingWindowCounterTest" name="lessThanTwoSlotsShouldThrowIAE"/>
  <testcase time="0" classname="storm.starter.tools.SlidingWindowCounterTest" name="lessThanTwoSlotsShouldThrowIAE"/>
  <testcase time="0" classname="storm.starter.tools.SlidingWindowCounterTest" name="lessThanTwoSlotsShouldThrowIAE"/>
  <testcase time="0" classname="storm.starter.tools.SlidingWindowCounterTest" name="lessThanTwoSlotsShouldThrowIAE"/>
  <testcase time="0" classname="storm.starter.tools.SlidingWindowCounterTest" name="lessThanTwoSlotsShouldThrowIAE"/>
  <testcase time="0.001" classname="storm.starter.tools.SlidingWindowCounterTest" name="newInstanceShouldHaveEmptyCounts"/>
  <testcase time="0" classname="storm.starter.tools.SlidingWindowCounterTest" name="testCounterWithSimulatedRuns"/>
  <testcase time="0" classname="storm.starter.tools.SlidingWindowCounterTest" name="testCounterWithSimulatedRuns"/>
  <testcase time="0" classname="storm.starter.tools.SlidingWindowCounterTest" name="testCounterWithSimulatedRuns"/>
  <testcase time="0" classname="storm.starter.tools.SlidingWindowCounterTest" name="testCounterWithSimulatedRuns"/>
  <testcase time="0.001" classname="storm.starter.tools.SlidingWindowCounterTest" name="testCounterWithSimulatedRuns"/>
  <testcase time="0" classname="storm.starter.tools.SlidingWindowCounterTest" name="twoOrMoreSlotsShouldBeValid"/>
  <testcase time="0" classname="storm.starter.tools.SlidingWindowCounterTest" name="twoOrMoreSlotsShouldBeValid"/>
  <testcase time="0" classname="storm.starter.tools.SlidingWindowCounterTest" name="twoOrMoreSlotsShouldBeValid"/>
  <testcase time="0" classname="storm.starter.tools.SlotBasedCounterTest" name="negativeOrZeroNumSlotsShouldThrowIAE"/>
  <testcase time="0" classname="storm.starter.tools.SlotBasedCounterTest" name="negativeOrZeroNumSlotsShouldThrowIAE"/>
  <testcase time="0" classname="storm.starter.tools.SlotBasedCounterTest" name="negativeOrZeroNumSlotsShouldThrowIAE"/>
  <testcase time="0.001" classname="storm.starter.tools.SlotBasedCounterTest" name="negativeOrZeroNumSlotsShouldThrowIAE"/>
  <testcase time="0" classname="storm.starter.tools.SlotBasedCounterTest" name="negativeOrZeroNumSlotsShouldThrowIAE"/>
  <testcase time="0" classname="storm.starter.tools.SlotBasedCounterTest" name="newInstanceShouldHaveEmptyCounts"/>
  <testcase time="0.001" classname="storm.starter.tools.SlotBasedCounterTest" name="positiveNumSlotsShouldBeOk"/>
  <testcase time="0" classname="storm.starter.tools.SlotBasedCounterTest" name="positiveNumSlotsShouldBeOk"/>
  <testcase time="0" classname="storm.starter.tools.SlotBasedCounterTest" name="positiveNumSlotsShouldBeOk"/>
  <testcase time="0" classname="storm.starter.tools.SlotBasedCounterTest" name="positiveNumSlotsShouldBeOk"/>
  <testcase time="0.001" classname="storm.starter.tools.SlotBasedCounterTest" name="shouldIncrementCount"/>
  <testcase time="0" classname="storm.starter.tools.SlotBasedCounterTest" name="shouldIncrementCountOnlyOneSlotAtATime"/>
  <testcase time="0" classname="storm.starter.tools.SlotBasedCounterTest" name="shouldReturnNonEmptyCountsWhenAtLeastOneObjectWasCounted"/>
  <testcase time="0" classname="storm.starter.tools.SlotBasedCounterTest" name="shouldReturnZeroForNonexistentObject"/>
  <testcase time="0" classname="storm.starter.tools.SlotBasedCounterTest" name="wipeSlotShouldSetAllCountsInSlotToZero"/>
  <testcase time="0" classname="storm.starter.tools.SlotBasedCounterTest" name="wipeZerosShouldRemoveAnyObjectsWithZeroTotalCount"/>
  <testcase time="0" classname="storm.starter.bolt.TotalRankingsBoltTest" name="negativeOrZeroEmitFrequencyShouldThrowIAE"/>
  <testcase time="0" classname="storm.starter.bolt.TotalRankingsBoltTest" name="negativeOrZeroEmitFrequencyShouldThrowIAE"/>
  <testcase time="0" classname="storm.starter.bolt.TotalRankingsBoltTest" name="negativeOrZeroEmitFrequencyShouldThrowIAE"/>
  <testcase time="0" classname="storm.starter.bolt.TotalRankingsBoltTest" name="negativeOrZeroEmitFrequencyShouldThrowIAE"/>
  <testcase time="0" classname="storm.starter.bolt.TotalRankingsBoltTest" name="negativeOrZeroEmitFrequencyShouldThrowIAE"/>
  <testcase time="0" classname="storm.starter.bolt.TotalRankingsBoltTest" name="negativeOrZeroTopNShouldThrowIAE"/>
  <testcase time="0" classname="storm.starter.bolt.TotalRankingsBoltTest" name="negativeOrZeroTopNShouldThrowIAE"/>
  <testcase time="0" classname="storm.starter.bolt.TotalRankingsBoltTest" name="negativeOrZeroTopNShouldThrowIAE"/>
  <testcase time="0.001" classname="storm.starter.bolt.TotalRankingsBoltTest" name="negativeOrZeroTopNShouldThrowIAE"/>
  <testcase time="0" classname="storm.starter.bolt.TotalRankingsBoltTest" name="negativeOrZeroTopNShouldThrowIAE"/>
  <testcase time="0" classname="storm.starter.bolt.TotalRankingsBoltTest" name="positiveEmitFrequencyShouldBeOk"/>
  <testcase time="0" classname="storm.starter.bolt.TotalRankingsBoltTest" name="positiveEmitFrequencyShouldBeOk"/>
  <testcase time="0" classname="storm.starter.bolt.TotalRankingsBoltTest" name="positiveEmitFrequencyShouldBeOk"/>
  <testcase time="0" classname="storm.starter.bolt.TotalRankingsBoltTest" name="positiveEmitFrequencyShouldBeOk"/>
  <testcase time="0" classname="storm.starter.bolt.TotalRankingsBoltTest" name="positiveTopNShouldBeOk"/>
  <testcase time="0" classname="storm.starter.bolt.TotalRankingsBoltTest" name="positiveTopNShouldBeOk"/>
  <testcase time="0" classname="storm.starter.bolt.TotalRankingsBoltTest" name="positiveTopNShouldBeOk"/>
  <testcase time="0" classname="storm.starter.bolt.TotalRankingsBoltTest" name="positiveTopNShouldBeOk"/>
  <testcase time="0" classname="storm.starter.bolt.TotalRankingsBoltTest" name="shouldDeclareOutputFields"/>
  <testcase time="0.009" classname="storm.starter.bolt.TotalRankingsBoltTest" name="shouldEmitNothingIfNormalTupleIsReceived"/>
  <testcase time="0.001" classname="storm.starter.bolt.TotalRankingsBoltTest" name="shouldEmitSomethingIfTickTupleIsReceived"/>
  <testcase time="0" classname="storm.starter.bolt.TotalRankingsBoltTest" name="shouldSetTickTupleFrequencyInComponentConfigurationToNonZeroValue"/>
</testsuite>